<?xml version="1.0" encoding="UTF-8"?>
<!-- Generated by org.testng.reporters.JUnitReportReporter -->
<testsuite hostname="MSI" failures="0" tests="1" name="com.crm.orgtest.OrgTest" time="0.008" errors="0" timestamp="2021-10-19T00:36:59 IST" skipped="0">
  <testcase classname="com.crm.orgtest.OrgTest" name="createOrgtest" time="0.008"/>
  <system-out/>
</testsuite> <!-- com.crm.orgtest.OrgTest -->
