<?xml version="1.0" encoding="UTF-8"?>
<!-- Generated by org.testng.reporters.JUnitReportReporter -->
<testsuite hostname="MSI" failures="0" tests="1" name="com.crm.orgtest.SampleTest" time="0.007" errors="0" timestamp="2021-10-19T00:43:57 IST" skipped="0">
  <testcase classname="com.crm.orgtest.SampleTest" name="getMvnDatatest" time="0.007"/>
  <system-out/>
</testsuite> <!-- com.crm.orgtest.SampleTest -->
